<?xml version="1.0" encoding="UTF-8"?>
<testsuite xmlns:xsi="http://www.w3.org/2001/XMLSchema-instance" xsi:noNamespaceSchemaLocation="https://maven.apache.org/surefire/maven-surefire-plugin/xsd/surefire-test-report-3.0.xsd" version="3.0" name="edu.utfpr.MainTest" time="0.053" tests="19" errors="0" skipped="0" failures="0">
  <properties>
[...]
</properties>
  <testcase name="testNonLeapYearDivisibleBy100Not400" classname="edu.utfpr.MainTest" time="0.023"/>
  <testcase name="testJune2025Header" classname="edu.utfpr.MainTest" time="0.001"/>
  <testcase name="testShortestMonthPositioning" classname="edu.utfpr.MainTest" time="0.002"/>
  <testcase name="testFullWeekRow" classname="edu.utfpr.MainTest" time="0.001"/>
  <testcase name="testLeapYearDivisibleBy400" classname="edu.utfpr.MainTest" time="0.001"/>
  <testcase name="testFebruary2021" classname="edu.utfpr.MainTest" time="0.001"/>
  <testcase name="testFebruaryLeapYear" classname="edu.utfpr.MainTest" time="0.0"/>
  <testcase name="testMonthStartsOnSunday" classname="edu.utfpr.MainTest" time="0.0"/>
  <testcase name="testValidMaximumMonth" classname="edu.utfpr.MainTest" time="0.0"/>
  <testcase name="testFirstDayPosition" classname="edu.utfpr.MainTest" time="0.0"/>
  <testcase name="testValidMinimumMonth" classname="edu.utfpr.MainTest" time="0.001"/>
  <testcase name="testAlignmentOfFirstDayMonday" classname="edu.utfpr.MainTest" time="0.001"/>
  <testcase name="testFebruaryNonLeapYear" classname="edu.utfpr.MainTest" time="0.001"/>
  <testcase name="testMonthWith28Days" classname="edu.utfpr.MainTest" time="0.0"/>
  <testcase name="testMonthWith30Days" classname="edu.utfpr.MainTest" time="0.0"/>
  <testcase name="testMonthWith31Days" classname="edu.utfpr.MainTest" time="0.0"/>
  <testcase name="testDecemberEndsOnTuesday2024" classname="edu.utfpr.MainTest" time="0.001"/>
  <testcase name="testAlignmentOfFirstDaySaturday" classname="edu.utfpr.MainTest" time="0.001"/>
  <testcase name="testLastDayOfMonth" classname="edu.utfpr.MainTest" time="0.0"/>
</testsuite>