-------------------------------------------------------------------------------
Test set: edu.utfpr.IdentifierTest
-------------------------------------------------------------------------------
Tests run: 3, Failures: 1, Errors: 0, Skipped: 0, Time elapsed: 0.479 s <<< FAILURE! -- in edu.utfpr.IdentifierTest
edu.utfpr.IdentifierTest.validIdentifiers -- Time elapsed: 0.271 s <<< FAILURE!
org.opentest4j.AssertionFailedError: 

Expecting value to be true but was false
	at java.base/jdk.internal.reflect.NativeConstructorAccessorImpl.newInstance0(Native Method)
	at java.base/jdk.internal.reflect.NativeConstructorAccessorImpl.newInstance(NativeConstructorAccessorImpl.java:77)
	at java.base/jdk.internal.reflect.DelegatingConstructorAccessorImpl.newInstance(DelegatingConstructorAccessorImpl.java:45)
	at java.base/java.lang.reflect.Constructor.newInstanceWithCaller(Constructor.java:499)
	at edu.utfpr.IdentifierTest.validIdentifiers(IdentifierTest.java:20)
	at java.base/jdk.internal.reflect.NativeMethodAccessorImpl.invoke0(Native Method)
	at java.base/jdk.internal.reflect.NativeMethodAccessorImpl.invoke(NativeMethodAccessorImpl.java:77)
	at java.base/jdk.internal.reflect.DelegatingMethodAccessorImpl.invoke(DelegatingMethodAccessorImpl.java:43)
	at java.base/java.lang.reflect.Method.invoke(Method.java:568)
	at org.junit.platform.commons.util.ReflectionUtils.invokeMethod(ReflectionUtils.java:727)
	at org.junit.platform.commons.support.ReflectionSupport.invokeMethod(ReflectionSupport.java:198)
	at net.jqwik.engine.execution.CheckedPropertyFactory.lambda$createRawFunction$1(CheckedPropertyFactory.java:84)
	at net.jqwik.engine.execution.CheckedPropertyFactory.lambda$createRawFunction$2(CheckedPropertyFactory.java:91)
	at net.jqwik.engine.properties.CheckedFunction.execute(CheckedFunction.java:17)
	at net.jqwik.api.lifecycle.AroundTryHook.lambda$static$0(AroundTryHook.java:57)
	at net.jqwik.engine.execution.lifecycle.HookSupport.lambda$wrap$2(HookSupport.java:48)
	at net.jqwik.engine.hooks.lifecycle.TryLifecycleMethodsHook.aroundTry(TryLifecycleMethodsHook.java:57)
	at net.jqwik.engine.execution.lifecycle.HookSupport.lambda$wrap$3(HookSupport.java:53)
	at net.jqwik.engine.execution.CheckedPropertyFactory.lambda$createTryExecutor$0(CheckedPropertyFactory.java:60)
	at net.jqwik.engine.execution.lifecycle.AroundTryLifecycle.execute(AroundTryLifecycle.java:23)
	at net.jqwik.engine.properties.GenericProperty.lambda$createFalsifier$1(GenericProperty.java:229)
	at net.jqwik.engine.properties.shrinking.PropertyShrinker.lambda$shrink$0(PropertyShrinker.java:55)
	at net.jqwik.engine.properties.shrinking.PropertyShrinker.lambda$shrinkAsLongAsSampleImproves$6(PropertyShrinker.java:122)
	at net.jqwik.engine.properties.shrinking.AbstractSampleShrinker.lambda$falsify$5(AbstractSampleShrinker.java:91)
	at java.base/java.util.HashMap.computeIfAbsent(HashMap.java:1220)
	at net.jqwik.engine.properties.shrinking.AbstractSampleShrinker.falsify(AbstractSampleShrinker.java:91)
	at net.jqwik.engine.properties.shrinking.AbstractSampleShrinker.lambda$shrink$2(AbstractSampleShrinker.java:53)
	at java.base/java.util.stream.ReferencePipeline$3$1.accept(ReferencePipeline.java:197)
	at java.base/java.util.stream.ReferencePipeline$2$1.accept(ReferencePipeline.java:179)
	at java.base/java.util.stream.ReferencePipeline$15$1.accept(ReferencePipeline.java:541)
	at java.base/java.util.stream.ReferencePipeline$3$1.accept(ReferencePipeline.java:197)
	at java.base/java.util.stream.StreamSpliterators$WrappingSpliterator.tryAdvance(StreamSpliterators.java:300)
	at java.base/java.util.stream.Streams$ConcatSpliterator.tryAdvance(Streams.java:723)
	at java.base/java.util.stream.Streams$ConcatSpliterator.tryAdvance(Streams.java:723)
	at java.base/java.util.stream.Streams$ConcatSpliterator.tryAdvance(Streams.java:720)
	at java.base/java.util.stream.Streams$ConcatSpliterator.tryAdvance(Streams.java:723)
	at java.base/java.util.stream.Streams$ConcatSpliterator.tryAdvance(Streams.java:727)
	at java.base/java.util.stream.ReferencePipeline.forEachWithCancel(ReferencePipeline.java:129)
	at java.base/java.util.stream.AbstractPipeline.copyIntoWithCancel(AbstractPipeline.java:527)
	at java.base/java.util.stream.AbstractPipeline.copyInto(AbstractPipeline.java:513)
	at java.base/java.util.stream.AbstractPipeline.wrapAndCopyInto(AbstractPipeline.java:499)
	at java.base/java.util.stream.FindOps$FindOp.evaluateSequential(FindOps.java:150)
	at java.base/java.util.stream.AbstractPipeline.evaluate(AbstractPipeline.java:234)
	at java.base/java.util.stream.ReferencePipeline.findAny(ReferencePipeline.java:652)
	at net.jqwik.engine.properties.shrinking.AbstractSampleShrinker.shrink(AbstractSampleShrinker.java:63)
	at net.jqwik.engine.properties.shrinking.OneAfterTheOtherParameterShrinker.shrinkSingleParameter(OneAfterTheOtherParameterShrinker.java:43)
	at net.jqwik.engine.properties.shrinking.OneAfterTheOtherParameterShrinker.shrink(OneAfterTheOtherParameterShrinker.java:25)
	at net.jqwik.engine.properties.shrinking.ShrinkingAlgorithm.shrinkOneParameterAfterTheOther(ShrinkingAlgorithm.java:52)
	at net.jqwik.engine.properties.shrinking.ShrinkingAlgorithm.shrink(ShrinkingAlgorithm.java:32)
	at net.jqwik.engine.properties.shrinking.PropertyShrinker.shrinkAsLongAsSampleImproves(PropertyShrinker.java:135)
	at net.jqwik.engine.properties.shrinking.PropertyShrinker.lambda$shrink$3(PropertyShrinker.java:87)
	at net.jqwik.engine.execution.lifecycle.CurrentTestDescriptor.runWithDescriptor(CurrentTestDescriptor.java:17)
	at net.jqwik.engine.properties.shrinking.PropertyShrinker.lambda$withTimeout$4(PropertyShrinker.java:103)
	at net.jqwik.engine.execution.lifecycle.CurrentDomainContext.runWithContext(CurrentDomainContext.java:28)
	at net.jqwik.engine.properties.shrinking.PropertyShrinker.lambda$withTimeout$5(PropertyShrinker.java:101)
	at java.base/java.util.concurrent.CompletableFuture$AsyncSupply.run(CompletableFuture.java:1768)
	at java.base/java.util.concurrent.CompletableFuture$AsyncSupply.exec(CompletableFuture.java:1760)
	at java.base/java.util.concurrent.ForkJoinTask.doExec(ForkJoinTask.java:373)
	at java.base/java.util.concurrent.ForkJoinPool$WorkQueue.topLevelExec(ForkJoinPool.java:1182)
	at java.base/java.util.concurrent.ForkJoinPool.scan(ForkJoinPool.java:1655)
	at java.base/java.util.concurrent.ForkJoinPool.runWorker(ForkJoinPool.java:1622)
	at java.base/java.util.concurrent.ForkJoinWorkerThread.run(ForkJoinWorkerThread.java:165)

