<?xml version="1.0" encoding="UTF-8"?>
<testsuite xmlns:xsi="http://www.w3.org/2001/XMLSchema-instance" xsi:noNamespaceSchemaLocation="https://maven.apache.org/surefire/maven-surefire-plugin/xsd/surefire-test-report-3.0.xsd" version="3.0" name="edu.utfpr.BolicheTest" time="0.028" tests="5" errors="0" skipped="0" failures="0">
  <properties>
[...]
</properties>
  <testcase name="deveCalcularJogoPerfeito" classname="edu.utfpr.BolicheTest" time="0.013"/>
  <testcase name="devecalcular_pontuacao_bolicheSimples" classname="edu.utfpr.BolicheTest" time="0.0"/>
  <testcase name="deveCalcularStrike" classname="edu.utfpr.BolicheTest" time="0.0"/>
  <testcase name="deveCalcularSpare" classname="edu.utfpr.BolicheTest" time="0.0"/>
  <testcase name="deveRetornarZeroParaTodasAsJogadasComZero" classname="edu.utfpr.BolicheTest" time="0.001"/>
</testsuite>